[www.range.org/index.html]
[backblue.gif]
[fade.gif]
[index.html]
[uploads-ssl.webflow.com/635514bfcef91625df010250/css/range01.webflow.60a787a51.css]
[ajax.googleapis.com/ajax/libs/webfont/1.6.26/webfont.js]
[uploads-ssl.webflow.com/635514bfcef91625df010250/63552502738f5f9737666600_favicon.png]
[uploads-ssl.webflow.com/635514bfcef91625df010250/635525506e708a077062d02e_webclip.png]
[uploads-ssl.webflow.com/635514bfcef91625df010250/63f21cc059fff8752cb92304_networks-cards-hero.png]
[uploads-ssl.webflow.com/635514bfcef91625df010250/63f223eca2038a70c17757c1_Group 320.png]
[uploads-ssl.webflow.com/635514bfcef91625df010250/63f21cfe39379775a799116b_alerting table combined.png]
[uploads-ssl.webflow.com/635514bfcef91625df010250/63f23725f2b8ff35393c7312_malicious address.png]
[uploads-ssl.webflow.com/635514bfcef91625df010250/63ed5397aaa54f49030a7f20_custom-alert-ilus.png]
[uploads-ssl.webflow.com/635514bfcef91625df010250/63f1f4cc5a0b873b739fd14f_real-time-ilus.png]
[uploads-ssl.webflow.com/635514bfcef91625df010250/63f1f509a2038a49fe7444a9_integrated-ilis.png]
[uploads-ssl.webflow.com/635514bfcef91625df010250/63ed5411bf9e698fd3c93427_thread-det-ilu.png]
[uploads-ssl.webflow.com/635514bfcef91625df010250/63ed543021f3951bd716715b_expertise-ilu.png]
[uploads-ssl.webflow.com/635514bfcef91625df010250/63f7bbfa6b857ed06f2945ed_networks-cards.png]
[uploads-ssl.webflow.com/635514bfcef91625df010250/63ed4adfd020f31dacf29aea_code-audit-full-width-tablet.png]
[uploads-ssl.webflow.com/635514bfcef91625df010250/63f2003f8c2e2176ef1a8349_oak-logo.png]
[uploads-ssl.webflow.com/635514bfcef91625df010250/63ed2346ef91e9e07ea04d72_code-audit-full-width.png]
[d3e54v103j8qbb.cloudfront.net/js/jquery-3.5.1.min.dc5e7f18c84bb3.js]
[www.range.org/index.html]
[uploads-ssl.webflow.com/635514bfcef91625df010250/css/range01.webflow.60a787a51.css]
[uploads-ssl.webflow.com/635514bfcef91625df010250/js/webflow.d9c84fef1.js]
[www.range.org/join]
